2025-03-04 14:59:52 - INFO - Starting ETL.
2025-03-04 14:59:52 - INFO - Retrieving ETL object from factory.
2025-03-04 14:59:52 - INFO - Initializing database.
2025-03-04 14:59:52 - INFO - Running pipeline.
2025-03-04 14:59:52 - INFO - Extracting posts.
2025-03-04 14:59:53 - INFO - Transforming posts.
2025-03-04 14:59:53 - INFO - No transformation applied.
2025-03-04 14:59:53 - INFO - Loading posts.
2025-03-04 14:59:53 - INFO - Pipeline completed.
2025-03-04 15:13:01 - INFO - Dropping posts table.
2025-03-04 15:13:01 - INFO - Creating posts table.
2025-03-04 15:14:43 - INFO - Starting ETL.
2025-03-04 15:14:43 - INFO - Retrieving ETL object from factory.
2025-03-04 15:14:43 - INFO - Initializing database.
2025-03-04 15:14:43 - INFO - Running pipeline.
2025-03-04 15:14:43 - INFO - Extracting posts.
2025-03-04 15:14:44 - INFO - Transforming posts.
2025-03-04 15:14:44 - INFO - Keeping posts with one or more comments.
2025-03-04 15:14:44 - INFO - Loading posts.
2025-03-04 15:14:44 - INFO - Pipeline completed.
2025-03-05 09:52:08 - INFO - Starting ETL.
2025-03-05 09:52:08 - INFO - Retrieving ETL object from factory.
2025-03-05 09:52:08 - INFO - Initializing database.
2025-03-05 09:52:08 - INFO - Running pipeline.
2025-03-05 09:52:08 - INFO - Extracting posts.
2025-03-05 09:52:09 - INFO - Transforming posts.
2025-03-05 09:52:09 - INFO - Finding the most popular posts.
2025-03-05 09:52:09 - INFO - Loading posts.
2025-03-05 09:52:09 - INFO - Pipeline completed.
2025-03-05 09:54:25 - INFO - Starting ETL.
2025-03-05 09:54:25 - INFO - Retrieving ETL object from factory.
2025-03-05 09:54:25 - INFO - Initializing database.
2025-03-05 09:54:25 - INFO - Running pipeline.
2025-03-05 09:54:25 - INFO - Extracting posts.
2025-03-05 09:54:26 - INFO - Transforming posts.
2025-03-05 09:54:26 - INFO - Randomly selecting five posts.
2025-03-05 09:54:26 - INFO - Loading posts.
2025-03-05 09:54:26 - INFO - Pipeline completed.
2025-03-05 13:26:55 - INFO - Dropping posts table.
2025-03-05 13:26:55 - INFO - Creating posts table.
2025-03-05 13:29:34 - INFO - Dropping posts table.
2025-03-05 13:29:34 - INFO - Creating posts table.
2025-03-05 13:44:48 - INFO - Starting ETL.
2025-03-05 13:44:48 - INFO - Retrieving ETL object from factory.
2025-03-05 13:44:48 - INFO - Initializing database.
2025-03-05 13:44:48 - INFO - Running pipeline.
2025-03-05 13:44:48 - INFO - Extracting posts.
2025-03-05 13:44:49 - INFO - Transforming posts.
2025-03-05 13:44:49 - INFO - No transformation applied.
2025-03-05 13:44:49 - INFO - Loading posts.
2025-03-05 13:44:49 - INFO - Pipeline completed.
