[2025-03-05T22:46:29.184+0000] {manager.py:487} INFO - Processing files using up to 1 processes at a time 
[2025-03-05T22:46:29.184+0000] {manager.py:488} INFO - Process each file at most once every 30 seconds
[2025-03-05T22:46:29.184+0000] {manager.py:489} INFO - Checking for new files in /opt/airflow/dags every 300 seconds
[2025-03-05T22:46:29.185+0000] {manager.py:755} INFO - Searching for files in /opt/airflow/dags
[2025-03-05T22:46:29.187+0000] {manager.py:758} INFO - There are 1 files in /opt/airflow/dags
[2025-03-05T22:46:29.349+0000] {manager.py:887} INFO - 
================================================================================
DAG File Processing Stats

File Path                 PID    Runtime      # DAGs    # Errors  Last Runtime    Last Run
------------------------  -----  ---------  --------  ----------  --------------  -------------------
/opt/airflow/dags/dag.py                           0           1  0.11s           2025-03-05T22:46:29
================================================================================
[2025-03-05T22:46:59.519+0000] {manager.py:887} INFO - 
================================================================================
DAG File Processing Stats

File Path                 PID    Runtime      # DAGs    # Errors  Last Runtime    Last Run
------------------------  -----  ---------  --------  ----------  --------------  -------------------
/opt/airflow/dags/dag.py                           0           1  0.12s           2025-03-05T22:46:59
================================================================================
[2025-03-05T22:47:29.996+0000] {manager.py:887} INFO - 
================================================================================
DAG File Processing Stats

File Path                 PID    Runtime      # DAGs    # Errors  Last Runtime    Last Run
------------------------  -----  ---------  --------  ----------  --------------  -------------------
/opt/airflow/dags/dag.py                           0           1  0.12s           2025-03-05T22:47:29
================================================================================
[2025-03-05T22:48:00.486+0000] {manager.py:887} INFO - 
================================================================================
DAG File Processing Stats

File Path                 PID    Runtime      # DAGs    # Errors  Last Runtime    Last Run
------------------------  -----  ---------  --------  ----------  --------------  -------------------
/opt/airflow/dags/dag.py                           0           1  0.12s           2025-03-05T22:48:00
================================================================================
[2025-03-05T22:48:30.939+0000] {manager.py:887} INFO - 
================================================================================
DAG File Processing Stats

File Path                 PID    Runtime      # DAGs    # Errors  Last Runtime    Last Run
------------------------  -----  ---------  --------  ----------  --------------  -------------------
/opt/airflow/dags/dag.py                           0           1  0.12s           2025-03-05T22:48:30
================================================================================
[2025-03-05T22:49:01.111+0000] {manager.py:887} INFO - 
================================================================================
DAG File Processing Stats

File Path                 PID    Runtime      # DAGs    # Errors  Last Runtime    Last Run
------------------------  -----  ---------  --------  ----------  --------------  -------------------
/opt/airflow/dags/dag.py                           0           1  0.13s           2025-03-05T22:49:01
================================================================================
[2025-03-05T22:49:31.252+0000] {manager.py:887} INFO - 
================================================================================
DAG File Processing Stats

File Path                 PID    Runtime      # DAGs    # Errors  Last Runtime    Last Run
------------------------  -----  ---------  --------  ----------  --------------  -------------------
/opt/airflow/dags/dag.py                           0           1  0.11s           2025-03-05T22:49:31
================================================================================
[2025-03-05T22:50:01.397+0000] {manager.py:887} INFO - 
================================================================================
DAG File Processing Stats

File Path                 PID    Runtime      # DAGs    # Errors  Last Runtime    Last Run
------------------------  -----  ---------  --------  ----------  --------------  -------------------
/opt/airflow/dags/dag.py                           0           1  0.11s           2025-03-05T22:50:01
================================================================================
[2025-03-05T22:50:31.551+0000] {manager.py:887} INFO - 
================================================================================
DAG File Processing Stats

File Path                 PID    Runtime      # DAGs    # Errors  Last Runtime    Last Run
------------------------  -----  ---------  --------  ----------  --------------  -------------------
/opt/airflow/dags/dag.py                           0           1  0.11s           2025-03-05T22:50:31
================================================================================
[2025-03-05T22:51:01.686+0000] {manager.py:887} INFO - 
================================================================================
DAG File Processing Stats

File Path                 PID    Runtime      # DAGs    # Errors  Last Runtime    Last Run
------------------------  -----  ---------  --------  ----------  --------------  -------------------
/opt/airflow/dags/dag.py                           0           1  0.11s           2025-03-05T22:51:01
================================================================================
[2025-03-06T01:09:28.113+0000] {manager.py:483} INFO - Processing files using up to 1 processes at a time 
[2025-03-06T01:09:28.113+0000] {manager.py:484} INFO - Process each file at most once every 30 seconds
[2025-03-06T01:09:28.114+0000] {manager.py:485} INFO - Checking for new files in /opt/airflow/dags every 300 seconds
[2025-03-06T01:09:28.114+0000] {manager.py:821} INFO - Searching for files in /opt/airflow/dags
[2025-03-06T01:09:28.116+0000] {manager.py:824} INFO - There are 1 files in /opt/airflow/dags
[2025-03-06T01:09:28.270+0000] {manager.py:997} INFO - 
================================================================================
DAG File Processing Stats

File Path                 PID    Runtime      # DAGs    # Errors  Last Runtime    Last Run               Last # of DB Queries
------------------------  -----  ---------  --------  ----------  --------------  -------------------  ----------------------
/opt/airflow/dags/dag.py                           0           1  0.11s           2025-03-06T01:09:28                       5
================================================================================
[2025-03-06T01:09:58.572+0000] {manager.py:997} INFO - 
================================================================================
DAG File Processing Stats

File Path                 PID    Runtime      # DAGs    # Errors  Last Runtime    Last Run               Last # of DB Queries
------------------------  -----  ---------  --------  ----------  --------------  -------------------  ----------------------
/opt/airflow/dags/dag.py                           0           1  0.13s           2025-03-06T01:09:58                       5
================================================================================
[2025-03-06T01:10:29.054+0000] {manager.py:997} INFO - 
================================================================================
DAG File Processing Stats

File Path                 PID    Runtime      # DAGs    # Errors  Last Runtime    Last Run               Last # of DB Queries
------------------------  -----  ---------  --------  ----------  --------------  -------------------  ----------------------
/opt/airflow/dags/dag.py                           0           1  0.11s           2025-03-06T01:10:29                       5
================================================================================
[2025-03-06T01:10:59.560+0000] {manager.py:997} INFO - 
================================================================================
DAG File Processing Stats

File Path                 PID    Runtime      # DAGs    # Errors  Last Runtime    Last Run               Last # of DB Queries
------------------------  -----  ---------  --------  ----------  --------------  -------------------  ----------------------
/opt/airflow/dags/dag.py                           0           1  0.11s           2025-03-06T01:10:59                       5
================================================================================
[2025-03-06T01:11:29.760+0000] {manager.py:997} INFO - 
================================================================================
DAG File Processing Stats

File Path                 PID    Runtime      # DAGs    # Errors  Last Runtime    Last Run               Last # of DB Queries
------------------------  -----  ---------  --------  ----------  --------------  -------------------  ----------------------
/opt/airflow/dags/dag.py                           0           1  0.11s           2025-03-06T01:11:29                       5
================================================================================
